This is pdfTeX, Version 3.141592653-2.6-1.40.24 (MiKTeX 22.10) (preloaded format=pdflatex 2022.10.31)  20 JUN 2023 18:23
entering extended mode
 \write18 enabled.
 file:line:error style messages enabled.
 %&-line parsing enabled.
**..\..\docs\Computer Graphics on Windows\main.tex

! Emergency stop.
<to be read again> 
                   \global 
<*> ..\.
        .\docs\Computer Graphics on Windows\main.tex
*** (job aborted, file error in nonstop mode)

 
Here is how much of TeX's memory you used:
 3 strings out of 475385
 13 string characters out of 2776906
 340166 words of memory out of 3000000
 21489 multiletter control sequences out of 15000+600000
 469259 words of font info for 28 fonts, out of 8000000 for 9000
 1141 hyphenation exceptions out of 8191
 2i,0n,3p,54b,6s stack positions out of 10000i,1000n,20000p,200000b,80000s
!  ==> Fatal error occurred, no output PDF file produced!
